Starting Shadow Mode Arbitrage Detector...
Thresholds: min_spread=0.5%, alert=1.5%, min_liquidity=$1000
Loaded 0 previous opportunities
Fetching markets from Gamma API...
Fetched 500 markets from Gamma API
Tracking 472 markets with >$1000 liquidity
Markets loaded: 472

[2025-12-08T22:21:57.439Z] Scanning 472 markets...
  Progress: 50/472 markets checked...
  Progress: 100/472 markets checked...
  Progress: 150/472 markets checked...
  Progress: 200/472 markets checked...
  Progress: 250/472 markets checked...
  Progress: 300/472 markets checked...
  Progress: 350/472 markets checked...
  Progress: 400/472 markets checked...
  Progress: 450/472 markets checked...
  Progress: 472/472 markets checked...
Scan complete: 0 opportunities detected, 0 errors
Total opportunities: 0 | Theoretical P&L: 0.00%
Waiting 5s before next scan...

[2025-12-08T22:22:57.749Z] Scanning 472 markets...
  Progress: 50/472 markets checked...
  Progress: 100/472 markets checked...
  Progress: 150/472 markets checked...
  Progress: 200/472 markets checked...
  Progress: 250/472 markets checked...
  Progress: 300/472 markets checked...
  Progress: 350/472 markets checked...
  Progress: 400/472 markets checked...
  Progress: 450/472 markets checked...
  Progress: 472/472 markets checked...
Scan complete: 0 opportunities detected, 0 errors
Total opportunities: 0 | Theoretical P&L: 0.00%
Waiting 5s before next scan...

[2025-12-08T22:23:58.118Z] Scanning 472 markets...
  Progress: 50/472 markets checked...
  Progress: 100/472 markets checked...
  Progress: 150/472 markets checked...
  Progress: 200/472 markets checked...
  Progress: 250/472 markets checked...
  Progress: 300/472 markets checked...
  Progress: 350/472 markets checked...
  Progress: 400/472 markets checked...
  Progress: 450/472 markets checked...
  Progress: 472/472 markets checked...
Scan complete: 0 opportunities detected, 0 errors
Total opportunities: 0 | Theoretical P&L: 0.00%
Waiting 5s before next scan...

[2025-12-08T22:24:58.203Z] Scanning 472 markets...
  Progress: 50/472 markets checked...
  Progress: 100/472 markets checked...
  Progress: 150/472 markets checked...
  Progress: 200/472 markets checked...
  Progress: 250/472 markets checked...
  Progress: 300/472 markets checked...
  Progress: 350/472 markets checked...
  Progress: 400/472 markets checked...
  Progress: 450/472 markets checked...
  Progress: 472/472 markets checked...
Scan complete: 0 opportunities detected, 0 errors
Total opportunities: 0 | Theoretical P&L: 0.00%
Waiting 5s before next scan...

[2025-12-08T22:25:59.324Z] Scanning 472 markets...
  Progress: 50/472 markets checked...
  Progress: 100/472 markets checked...
  Progress: 150/472 markets checked...
  Progress: 200/472 markets checked...
  Progress: 250/472 markets checked...
  Progress: 300/472 markets checked...
  Progress: 350/472 markets checked...
  Progress: 400/472 markets checked...
  Progress: 450/472 markets checked...
  Progress: 472/472 markets checked...
Scan complete: 0 opportunities detected, 0 errors
Total opportunities: 0 | Theoretical P&L: 0.00%

========== SHADOW MODE STATS ==========
Started: 2025-12-08T22:07:46.783Z
Last update: 2025-12-08T22:26:54.378Z
Markets monitored: 472
Opportunities detected: 0
Theoretical P&L: 0.00%
Largest spread: 0.00%
Average spread: 0.00%
========================================

Waiting 5s before next scan...

[2025-12-08T22:26:59.381Z] Scanning 472 markets...
  Progress: 50/472 markets checked...
  Progress: 100/472 markets checked...
  Progress: 150/472 markets checked...
  Progress: 200/472 markets checked...
  Progress: 250/472 markets checked...
  Progress: 300/472 markets checked...
  Progress: 350/472 markets checked...
  Progress: 400/472 markets checked...
  Progress: 450/472 markets checked...
  Progress: 472/472 markets checked...
Scan complete: 0 opportunities detected, 0 errors
Total opportunities: 0 | Theoretical P&L: 0.00%
Waiting 5s before next scan...

[2025-12-08T22:27:59.062Z] Scanning 472 markets...
  Progress: 50/472 markets checked...
  Progress: 100/472 markets checked...
  Progress: 150/472 markets checked...
  Progress: 200/472 markets checked...
  Progress: 250/472 markets checked...
  Progress: 300/472 markets checked...
  Progress: 350/472 markets checked...
  Progress: 400/472 markets checked...
  Progress: 450/472 markets checked...
  Progress: 472/472 markets checked...
Scan complete: 0 opportunities detected, 0 errors
Total opportunities: 0 | Theoretical P&L: 0.00%
Waiting 5s before next scan...

[2025-12-08T22:28:59.178Z] Scanning 472 markets...
  Progress: 50/472 markets checked...
  Progress: 100/472 markets checked...
  Progress: 150/472 markets checked...
  Progress: 200/472 markets checked...
  Progress: 250/472 markets checked...
  Progress: 300/472 markets checked...
  Progress: 350/472 markets checked...
  Progress: 400/472 markets checked...
  Progress: 450/472 markets checked...
  Progress: 472/472 markets checked...
Scan complete: 0 opportunities detected, 0 errors
Total opportunities: 0 | Theoretical P&L: 0.00%
Waiting 5s before next scan...

[2025-12-08T22:29:59.141Z] Scanning 472 markets...
  Progress: 50/472 markets checked...
  Progress: 100/472 markets checked...
  Progress: 150/472 markets checked...
  Progress: 200/472 markets checked...
  Progress: 250/472 markets checked...
  Progress: 300/472 markets checked...
  Progress: 350/472 markets checked...
  Progress: 400/472 markets checked...
  Progress: 450/472 markets checked...
  Progress: 472/472 markets checked...
Scan complete: 0 opportunities detected, 0 errors
Total opportunities: 0 | Theoretical P&L: 0.00%
Waiting 5s before next scan...

[2025-12-08T22:30:59.105Z] Scanning 472 markets...
  Progress: 50/472 markets checked...
  Progress: 100/472 markets checked...
  Progress: 150/472 markets checked...
  Progress: 200/472 markets checked...
  Progress: 250/472 markets checked...
  Progress: 300/472 markets checked...
  Progress: 350/472 markets checked...
  Progress: 400/472 markets checked...
  Progress: 450/472 markets checked...
  Progress: 472/472 markets checked...
Scan complete: 0 opportunities detected, 0 errors
Total opportunities: 0 | Theoretical P&L: 0.00%
Fetched 500 markets from Gamma API
Tracking 472 markets with >$1000 liquidity

========== SHADOW MODE STATS ==========
Started: 2025-12-08T22:07:46.783Z
Last update: 2025-12-08T22:31:54.255Z
Markets monitored: 472
Opportunities detected: 0
Theoretical P&L: 0.00%
Largest spread: 0.00%
Average spread: 0.00%
========================================

Waiting 5s before next scan...

[2025-12-08T22:31:59.806Z] Scanning 472 markets...
  Progress: 50/472 markets checked...
  Progress: 100/472 markets checked...
  Progress: 150/472 markets checked...
  Progress: 200/472 markets checked...
  Progress: 250/472 markets checked...
  Progress: 300/472 markets checked...
  Progress: 350/472 markets checked...
  Progress: 400/472 markets checked...
  Progress: 450/472 markets checked...
  Progress: 472/472 markets checked...
Scan complete: 0 opportunities detected, 0 errors
Total opportunities: 0 | Theoretical P&L: 0.00%
Waiting 5s before next scan...

[2025-12-08T22:32:59.243Z] Scanning 472 markets...
  Progress: 50/472 markets checked...
  Progress: 100/472 markets checked...
  Progress: 150/472 markets checked...
  Progress: 200/472 markets checked...
  Progress: 250/472 markets checked...
  Progress: 300/472 markets checked...
  Progress: 350/472 markets checked...
  Progress: 400/472 markets checked...
  Progress: 450/472 markets checked...
  Progress: 472/472 markets checked...
Scan complete: 0 opportunities detected, 0 errors
Total opportunities: 0 | Theoretical P&L: 0.00%
Waiting 5s before next scan...

[2025-12-08T22:33:58.867Z] Scanning 472 markets...
  Progress: 50/472 markets checked...
  Progress: 100/472 markets checked...
  Progress: 150/472 markets checked...
  Progress: 200/472 markets checked...
  Progress: 250/472 markets checked...
  Progress: 300/472 markets checked...
  Progress: 350/472 markets checked...
  Progress: 400/472 markets checked...
  Progress: 450/472 markets checked...
  Progress: 472/472 markets checked...
Scan complete: 0 opportunities detected, 0 errors
Total opportunities: 0 | Theoretical P&L: 0.00%
Waiting 5s before next scan...

[2025-12-08T22:34:59.399Z] Scanning 472 markets...
  Progress: 50/472 markets checked...
  Progress: 100/472 markets checked...
